<?xml version="1.0" encoding="UTF-8"?>
<!-- Generated by org.testng.reporters.JUnitReportReporter -->
<testsuite hostname="ATEEFA02" failures="0" tests="2" name="testCases.LoginTestCase" time="59.729" errors="0" timestamp="2025-04-16T11:05:28 IST" skipped="0">
  <testcase classname="testCases.LoginTestCase" name="verifyLogin" time="17.422"/>
  <testcase classname="testCases.LoginTestCase" name="AddressDetails" time="42.307"/>
</testsuite> <!-- testCases.LoginTestCase -->
