<?xml version="1.0" encoding="UTF-8"?>
<!-- Generated by org.testng.reporters.JUnitReportReporter -->
<testsuite hostname="ATEEFA02" failures="0" tests="1" name="testCases.LaptopNotePadCompare" time="17.503" errors="0" timestamp="2025-04-16T17:32:42 IST" skipped="0">
  <testcase classname="testCases.LaptopNotePadCompare" name="CompareProducts" time="17.503"/>
</testsuite> <!-- testCases.LaptopNotePadCompare -->
