<?xml version="1.0" encoding="UTF-8"?>
<!-- Generated by org.testng.reporters.JUnitReportReporter -->
<testsuite hostname="DESKTOP-UGAA381" failures="0" tests="1" name="testCases.MyAccountAndRegistration" time="1.740" errors="0" timestamp="2025-03-02T13:08:03 IST" skipped="0">
  <testcase classname="testCases.MyAccountAndRegistration" name="homeAndRegistration" time="1.740"/>
</testsuite> <!-- testCases.MyAccountAndRegistration -->
