<?xml version="1.0" encoding="UTF-8"?>
<!-- Generated by org.testng.reporters.JUnitReportReporter -->
<testsuite hostname="ATEEFA02" failures="0" tests="1" name="testCases.ImacProductCompare" time="10.527" errors="0" timestamp="2025-04-16T12:19:32 IST" skipped="0">
  <testcase classname="testCases.ImacProductCompare" name="ProductCompare" time="10.527"/>
</testsuite> <!-- testCases.ImacProductCompare -->
