<?xml version="1.0" encoding="UTF-8"?>
<!-- Generated by org.testng.reporters.JUnitReportReporter -->
<testsuite hostname="ATEEFA02" failures="0" tests="1" name="testCases.forgotPassword" time="2.066" errors="0" timestamp="2025-04-07T17:55:55 IST" skipped="0">
  <testcase classname="testCases.forgotPassword" name="ForgotPasswordDetails" time="2.066"/>
</testsuite> <!-- testCases.forgotPassword -->
