<?xml version="1.0" encoding="UTF-8"?>
<!-- Generated by org.testng.reporters.JUnitReportReporter -->
<testsuite hostname="DESKTOP-UGAA381" failures="0" tests="2" name="testCases.LoginTestCase" time="12.254" errors="0" timestamp="2025-03-16T23:17:27 IST" skipped="0">
  <testcase classname="testCases.LoginTestCase" name="verifyLogin" time="1.330"/>
  <testcase classname="testCases.LoginTestCase" name="AddressDetails" time="10.924"/>
</testsuite> <!-- testCases.LoginTestCase -->
